<?xml version="1.0" encoding="UTF-8"?>
<!-- Generated by org.testng.reporters.JUnitXMLReporter -->
<testsuite hostname="Yammys-MacBook-Pro.local" name="Default test" tests="2" failures="0" timestamp="17 Jul 2017 13:02:37 GMT" time="5.66" errors="0">
  <testcase name="@BeforeMethod prepareTest" time="0.0" classname="com.pCloudy.test.LocalRunner">
    <failure type="org.openqa.selenium.SessionNotCreatedException" message="Unable to create new remote session. desired capabilities = Capabilities [{appPackage=com.ba.mobile, appActivity=com.ba.mobile.LaunchActivity, app=/Users/Yammy/Documents/workspaceOFCpCloudy/TestNG-SingleDevice/com.ba.mobile.apk, rotatable=true, newCommandTimeout=600, platformName=Android, launchTimeout=90000, deviceName=ZH33B2DB9W}], required capabilities = Capabilities [{}]
Build info: version: &amp;apos;3.4.0&amp;apos;, revision: &amp;apos;unknown&amp;apos;, time: &amp;apos;unknown&amp;apos;
System info: host: &amp;apos;Yammys-MacBook-Pro.local&amp;apos;, ip: &amp;apos;fe80:0:0:0:1c32:f439:1112:af8b%en0&amp;apos;, os.name: &amp;apos;Mac OS X&amp;apos;, os.arch: &amp;apos;x86_64&amp;apos;, os.version: &amp;apos;10.12.5&amp;apos;, java.version: &amp;apos;1.8.0_121&amp;apos;
Driver info: driver.version: AndroidDriver">
      <![CDATA[org.openqa.selenium.SessionNotCreatedException: Unable to create new remote session. desired capabilities = Capabilities [{appPackage=com.ba.mobile, appActivity=com.ba.mobile.LaunchActivity, app=/Users/Yammy/Documents/workspaceOFCpCloudy/TestNG-SingleDevice/com.ba.mobile.apk, rotatable=true, newCommandTimeout=600, platformName=Android, launchTimeout=90000, deviceName=ZH33B2DB9W}], required capabilities = Capabilities [{}]
Build info: version: '3.4.0', revision: 'unknown', time: 'unknown'
System info: host: 'Yammys-MacBook-Pro.local', ip: 'fe80:0:0:0:1c32:f439:1112:af8b%en0', os.name: 'Mac OS X', os.arch: 'x86_64', os.version: '10.12.5', java.version: '1.8.0_121'
Driver info: driver.version: AndroidDriver
	at io.appium.java_client.remote.AppiumProtocolHandShake.lambda$1(AppiumProtocolHandShake.java:96)
	at java.util.Optional.orElseThrow(Optional.java:290)
	at io.appium.java_client.remote.AppiumProtocolHandShake.createSession(AppiumProtocolHandShake.java:96)
	at io.appium.java_client.remote.AppiumCommandExecutor.doExecute(AppiumCommandExecutor.java:111)
	at io.appium.java_client.remote.AppiumCommandExecutor.execute(AppiumCommandExecutor.java:162)
	at org.openqa.selenium.remote.RemoteWebDriver.execute(RemoteWebDriver.java:637)
	at io.appium.java_client.DefaultGenericMobileDriver.execute(DefaultGenericMobileDriver.java:42)
	at io.appium.java_client.AppiumDriver.execute(AppiumDriver.java:1)
	at io.appium.java_client.android.AndroidDriver.execute(AndroidDriver.java:1)
	at org.openqa.selenium.remote.RemoteWebDriver.startSession(RemoteWebDriver.java:250)
	at org.openqa.selenium.remote.RemoteWebDriver.startSession(RemoteWebDriver.java:236)
	at org.openqa.selenium.remote.RemoteWebDriver.<init>(RemoteWebDriver.java:137)
	at io.appium.java_client.DefaultGenericMobileDriver.<init>(DefaultGenericMobileDriver.java:38)
	at io.appium.java_client.AppiumDriver.<init>(AppiumDriver.java:88)
	at io.appium.java_client.AppiumDriver.<init>(AppiumDriver.java:112)
	at io.appium.java_client.android.AndroidDriver.<init>(AndroidDriver.java:73)
	at com.pCloudy.test.LocalRunner.prepareTest(LocalRunner.java:46)
	at sun.reflect.NativeMethodAccessorImpl.invoke0(Native Method)
	at sun.reflect.NativeMethodAccessorImpl.invoke(NativeMethodAccessorImpl.java:62)
	at sun.reflect.DelegatingMethodAccessorImpl.invoke(DelegatingMethodAccessorImpl.java:43)
	at java.lang.reflect.Method.invoke(Method.java:498)
	at org.testng.internal.MethodInvocationHelper.invokeMethod(MethodInvocationHelper.java:80)
	at org.testng.internal.Invoker.invokeConfigurationMethod(Invoker.java:564)
	at org.testng.internal.Invoker.invokeConfigurations(Invoker.java:213)
	at org.testng.internal.Invoker.invokeMethod(Invoker.java:653)
	at org.testng.internal.Invoker.invokeTestMethod(Invoker.java:907)
	at org.testng.internal.Invoker.invokeTestMethods(Invoker.java:1237)
	at org.testng.internal.TestMethodWorker.invokeTestMethods(TestMethodWorker.java:127)
	at org.testng.internal.TestMethodWorker.run(TestMethodWorker.java:111)
	at org.testng.TestRunner.privateRun(TestRunner.java:767)
	at org.testng.TestRunner.run(TestRunner.java:617)
	at org.testng.SuiteRunner.runTest(SuiteRunner.java:334)
	at org.testng.SuiteRunner.runSequentially(SuiteRunner.java:329)
	at org.testng.SuiteRunner.privateRun(SuiteRunner.java:291)
	at org.testng.SuiteRunner.run(SuiteRunner.java:240)
	at org.testng.SuiteRunnerWorker.runSuite(SuiteRunnerWorker.java:51)
	at org.testng.SuiteRunnerWorker.run(SuiteRunnerWorker.java:85)
	at org.testng.TestNG.runSuitesSequentially(TestNG.java:1197)
	at org.testng.TestNG.runSuitesLocally(TestNG.java:1122)
	at org.testng.TestNG.run(TestNG.java:1030)
	at org.testng.remote.AbstractRemoteTestNG.run(AbstractRemoteTestNG.java:126)
	at org.testng.remote.RemoteTestNG.initAndRun(RemoteTestNG.java:152)
	at org.testng.remote.RemoteTestNG.main(RemoteTestNG.java:57)
]]>
    </failure>
  </testcase> <!-- @BeforeMethod prepareTest -->
  <testcase name="@AfterMethod endTest" time="0.0" classname="com.pCloudy.test.LocalRunner">
    <skipped/>
  </testcase> <!-- @AfterMethod endTest -->
  <testcase name="@BeforeMethod prepareTest" time="0.0" classname="com.pCloudy.test.LocalRunner">
    <skipped/>
  </testcase> <!-- @BeforeMethod prepareTest -->
  <testcase name="@AfterMethod endTest" time="0.0" classname="com.pCloudy.test.LocalRunner">
    <skipped/>
  </testcase> <!-- @AfterMethod endTest -->
  <testcase name="@AfterTest tearDownSuite" time="0.0" classname="com.pCloudy.test.LocalRunner">
    <skipped/>
  </testcase> <!-- @AfterTest tearDownSuite -->
  <testcase name="Test1" time="0.003" classname="com.pCloudy.test.LocalRunner">
    <skipped/>
  </testcase> <!-- Test1 -->
  <testcase name="Test2" time="0.006" classname="com.pCloudy.test.LocalRunner">
    <skipped/>
  </testcase> <!-- Test2 -->
</testsuite> <!-- Default test -->
