<?xml version="1.0" encoding="UTF-8"?>
<testng-results skipped="0" failed="2" total="6" passed="4">
  <reporter-output>
  </reporter-output>
  <suite name="pCloudy Suite" duration-ms="261195" started-at="2017-07-19T11:25:34Z" finished-at="2017-07-19T11:29:55Z">
    <groups>
    </groups>
    <test name="test_Coolpad Note3 Lite 5.1.0" duration-ms="127995" started-at="2017-07-19T11:25:34Z" finished-at="2017-07-19T11:27:42Z">
      <class name="pcloudy.testng.TestClass1">
        <test-method status="PASS" signature="beforeTest(java.lang.String)[pri:0, instance:pcloudy.testng.TestClass1@58505c3a]" name="beforeTest" is-config="true" duration-ms="17" started-at="2017-07-19T16:55:34Z" finished-at="2017-07-19T16:55:34Z">
          <params>
            <param index="0">
              <value>
                <![CDATA[Coolpad Note3 Lite 5.1.0]]>
              </value>
            </param>
          </params>
          <reporter-output>
          </reporter-output>
        </test-method> <!-- beforeTest -->
        <test-method status="PASS" signature="beforeClass(java.lang.String)[pri:0, instance:pcloudy.testng.TestClass1@58505c3a]" name="beforeClass" is-config="true" duration-ms="48930" started-at="2017-07-19T16:55:34Z" finished-at="2017-07-19T16:56:23Z">
          <params>
            <param index="0">
              <value>
                <![CDATA[Coolpad Note3 Lite 5.1.0]]>
              </value>
            </param>
          </params>
          <reporter-output>
          </reporter-output>
        </test-method> <!-- beforeClass -->
        <test-method status="PASS" signature="test1(java.lang.String)[pri:0, instance:pcloudy.testng.TestClass1@58505c3a]" name="test1" duration-ms="22284" started-at="2017-07-19T16:56:23Z" finished-at="2017-07-19T16:56:45Z">
          <params>
            <param index="0">
              <value>
                <![CDATA[Coolpad Note3 Lite 5.1.0]]>
              </value>
            </param>
          </params>
          <reporter-output>
          </reporter-output>
        </test-method> <!-- test1 -->
        <test-method status="PASS" signature="afterClass(java.lang.String)[pri:0, instance:pcloudy.testng.TestClass1@58505c3a]" name="afterClass" is-config="true" duration-ms="3872" started-at="2017-07-19T16:56:45Z" finished-at="2017-07-19T16:56:49Z">
          <params>
            <param index="0">
              <value>
                <![CDATA[Coolpad Note3 Lite 5.1.0]]>
              </value>
            </param>
          </params>
          <reporter-output>
          </reporter-output>
        </test-method> <!-- afterClass -->
        <test-method status="PASS" signature="afterTest(java.lang.String)[pri:0, instance:pcloudy.testng.TestClass1@58505c3a]" name="afterTest" is-config="true" duration-ms="2480" started-at="2017-07-19T16:57:40Z" finished-at="2017-07-19T16:57:42Z">
          <params>
            <param index="0">
              <value>
                <![CDATA[Coolpad Note3 Lite 5.1.0]]>
              </value>
            </param>
          </params>
          <reporter-output>
          </reporter-output>
        </test-method> <!-- afterTest -->
      </class> <!-- pcloudy.testng.TestClass1 -->
      <class name="pcloudy.testng.TestClass2">
        <test-method status="PASS" signature="beforeClass(java.lang.String)[pri:0, instance:pcloudy.testng.TestClass2@6b46d8cd]" name="beforeClass" is-config="true" duration-ms="23802" started-at="2017-07-19T16:56:49Z" finished-at="2017-07-19T16:57:13Z">
          <params>
            <param index="0">
              <value>
                <![CDATA[Coolpad Note3 Lite 5.1.0]]>
              </value>
            </param>
          </params>
          <reporter-output>
          </reporter-output>
        </test-method> <!-- beforeClass -->
        <test-method status="PASS" signature="test2(java.lang.String)[pri:0, instance:pcloudy.testng.TestClass2@6b46d8cd]" name="test2" duration-ms="21872" started-at="2017-07-19T16:57:13Z" finished-at="2017-07-19T16:57:35Z">
          <params>
            <param index="0">
              <value>
                <![CDATA[Coolpad Note3 Lite 5.1.0]]>
              </value>
            </param>
          </params>
          <reporter-output>
          </reporter-output>
        </test-method> <!-- test2 -->
        <test-method status="PASS" signature="afterClass(java.lang.String)[pri:0, instance:pcloudy.testng.TestClass2@6b46d8cd]" name="afterClass" is-config="true" duration-ms="4727" started-at="2017-07-19T16:57:35Z" finished-at="2017-07-19T16:57:40Z">
          <params>
            <param index="0">
              <value>
                <![CDATA[Coolpad Note3 Lite 5.1.0]]>
              </value>
            </param>
          </params>
          <reporter-output>
          </reporter-output>
        </test-method> <!-- afterClass -->
      </class> <!-- pcloudy.testng.TestClass2 -->
    </test> <!-- test_Coolpad Note3 Lite 5.1.0 -->
    <test name="test_Zte Blade S6 5.0.2" duration-ms="129648" started-at="2017-07-19T11:25:34Z" finished-at="2017-07-19T11:27:44Z">
      <class name="pcloudy.testng.TestClass1">
        <test-method status="PASS" signature="beforeTest(java.lang.String)[pri:0, instance:pcloudy.testng.TestClass1@1c2e9d70]" name="beforeTest" is-config="true" duration-ms="17" started-at="2017-07-19T16:55:34Z" finished-at="2017-07-19T16:55:34Z">
          <params>
            <param index="0">
              <value>
                <![CDATA[Zte Blade S6 5.0.2]]>
              </value>
            </param>
          </params>
          <reporter-output>
          </reporter-output>
        </test-method> <!-- beforeTest -->
        <test-method status="PASS" signature="beforeClass(java.lang.String)[pri:0, instance:pcloudy.testng.TestClass1@1c2e9d70]" name="beforeClass" is-config="true" duration-ms="46548" started-at="2017-07-19T16:55:34Z" finished-at="2017-07-19T16:56:21Z">
          <params>
            <param index="0">
              <value>
                <![CDATA[Zte Blade S6 5.0.2]]>
              </value>
            </param>
          </params>
          <reporter-output>
          </reporter-output>
        </test-method> <!-- beforeClass -->
        <test-method status="PASS" signature="test1(java.lang.String)[pri:0, instance:pcloudy.testng.TestClass1@1c2e9d70]" name="test1" duration-ms="24499" started-at="2017-07-19T16:56:21Z" finished-at="2017-07-19T16:56:45Z">
          <params>
            <param index="0">
              <value>
                <![CDATA[Zte Blade S6 5.0.2]]>
              </value>
            </param>
          </params>
          <reporter-output>
          </reporter-output>
        </test-method> <!-- test1 -->
        <test-method status="PASS" signature="afterClass(java.lang.String)[pri:0, instance:pcloudy.testng.TestClass1@1c2e9d70]" name="afterClass" is-config="true" duration-ms="2859" started-at="2017-07-19T16:56:45Z" finished-at="2017-07-19T16:56:48Z">
          <params>
            <param index="0">
              <value>
                <![CDATA[Zte Blade S6 5.0.2]]>
              </value>
            </param>
          </params>
          <reporter-output>
          </reporter-output>
        </test-method> <!-- afterClass -->
        <test-method status="PASS" signature="afterTest(java.lang.String)[pri:0, instance:pcloudy.testng.TestClass1@1c2e9d70]" name="afterTest" is-config="true" duration-ms="3445" started-at="2017-07-19T16:57:40Z" finished-at="2017-07-19T16:57:44Z">
          <params>
            <param index="0">
              <value>
                <![CDATA[Zte Blade S6 5.0.2]]>
              </value>
            </param>
          </params>
          <reporter-output>
          </reporter-output>
        </test-method> <!-- afterTest -->
      </class> <!-- pcloudy.testng.TestClass1 -->
      <class name="pcloudy.testng.TestClass2">
        <test-method status="PASS" signature="beforeClass(java.lang.String)[pri:0, instance:pcloudy.testng.TestClass2@1ef3a398]" name="beforeClass" is-config="true" duration-ms="27199" started-at="2017-07-19T16:56:48Z" finished-at="2017-07-19T16:57:15Z">
          <params>
            <param index="0">
              <value>
                <![CDATA[Zte Blade S6 5.0.2]]>
              </value>
            </param>
          </params>
          <reporter-output>
          </reporter-output>
        </test-method> <!-- beforeClass -->
        <test-method status="PASS" signature="test2(java.lang.String)[pri:0, instance:pcloudy.testng.TestClass2@1ef3a398]" name="test2" duration-ms="22770" started-at="2017-07-19T16:57:15Z" finished-at="2017-07-19T16:57:38Z">
          <params>
            <param index="0">
              <value>
                <![CDATA[Zte Blade S6 5.0.2]]>
              </value>
            </param>
          </params>
          <reporter-output>
          </reporter-output>
        </test-method> <!-- test2 -->
        <test-method status="PASS" signature="afterClass(java.lang.String)[pri:0, instance:pcloudy.testng.TestClass2@1ef3a398]" name="afterClass" is-config="true" duration-ms="2298" started-at="2017-07-19T16:57:38Z" finished-at="2017-07-19T16:57:40Z">
          <params>
            <param index="0">
              <value>
                <![CDATA[Zte Blade S6 5.0.2]]>
              </value>
            </param>
          </params>
          <reporter-output>
          </reporter-output>
        </test-method> <!-- afterClass -->
      </class> <!-- pcloudy.testng.TestClass2 -->
    </test> <!-- test_Zte Blade S6 5.0.2 -->
    <test name="test_Lenovo Tab2 A8 5.1.0" duration-ms="261194" started-at="2017-07-19T11:25:34Z" finished-at="2017-07-19T11:29:55Z">
      <class name="pcloudy.testng.TestClass1">
        <test-method status="PASS" signature="beforeTest(java.lang.String)[pri:0, instance:pcloudy.testng.TestClass1@2db1d4bb]" name="beforeTest" is-config="true" duration-ms="17" started-at="2017-07-19T16:55:34Z" finished-at="2017-07-19T16:55:34Z">
          <params>
            <param index="0">
              <value>
                <![CDATA[Lenovo Tab2 A8 5.1.0]]>
              </value>
            </param>
          </params>
          <reporter-output>
          </reporter-output>
        </test-method> <!-- beforeTest -->
        <test-method status="PASS" signature="beforeClass(java.lang.String)[pri:0, instance:pcloudy.testng.TestClass1@2db1d4bb]" name="beforeClass" is-config="true" duration-ms="115361" started-at="2017-07-19T16:55:34Z" finished-at="2017-07-19T16:57:29Z">
          <params>
            <param index="0">
              <value>
                <![CDATA[Lenovo Tab2 A8 5.1.0]]>
              </value>
            </param>
          </params>
          <reporter-output>
          </reporter-output>
        </test-method> <!-- beforeClass -->
        <test-method status="FAIL" signature="test1(java.lang.String)[pri:0, instance:pcloudy.testng.TestClass1@2db1d4bb]" name="test1" duration-ms="3116" started-at="2017-07-19T16:57:29Z" finished-at="2017-07-19T16:57:33Z">
          <params>
            <param index="0">
              <value>
                <![CDATA[Lenovo Tab2 A8 5.1.0]]>
              </value>
            </param>
          </params>
          <exception class="org.openqa.selenium.ElementNotVisibleException">
            <message>
              <![CDATA[element not visible
  (Session info: chrome=59.0.3071.125)
  (Driver info: chromedriver=2.29.461571 (8a88bbe0775e2a23afda0ceaf2ef7ee74e822cc5),platform=Linux 4.4.0-83-generic x86_64) (WARNING: The server did not provide any stacktrace information)
Command duration or timeout: 936 milliseconds
Build info: version: '3.0.1', revision: '1969d75', time: '2016-10-18 09:49:13 -0700'
System info: host: 'Yammys-MacBook-Pro.local', ip: '192.168.1.249', os.name: 'Mac OS X', os.arch: 'x86_64', os.version: '10.12.5', java.version: '1.8.0_121'
Driver info: io.appium.java_client.android.AndroidDriver
Capabilities [{networkConnectionEnabled=true, warnings={}, databaseEnabled=false, deviceName=LenovoTAB2A8, launchTimeout=90000, usePrebuiltWDA=true, platform=LINUX, deviceUDID=LenovoTAB2A8, desired={acceptAlerts=true, newCommandTimeout=600, platformVersion=5.1.0, browserName=Chrome, platformName=Android, udid=LenovoTAB2A8, deviceName=231, launchTimeout=90000, usePrebuiltWDA=true}, acceptAlerts=true, newCommandTimeout=600, platformVersion=5.1, webStorageEnabled=false, locationContextEnabled=false, takesScreenshot=true, browserName=Chrome, javascriptEnabled=true, platformName=Android, udid=LenovoTAB2A8}]
Session ID: 9cb6eefd-2c5f-4396-a834-a560e8d6aeea]]>
            </message>
            <full-stacktrace>
              <![CDATA[org.openqa.selenium.ElementNotVisibleException: element not visible
  (Session info: chrome=59.0.3071.125)
  (Driver info: chromedriver=2.29.461571 (8a88bbe0775e2a23afda0ceaf2ef7ee74e822cc5),platform=Linux 4.4.0-83-generic x86_64) (WARNING: The server did not provide any stacktrace information)
Command duration or timeout: 936 milliseconds
Build info: version: '3.0.1', revision: '1969d75', time: '2016-10-18 09:49:13 -0700'
System info: host: 'Yammys-MacBook-Pro.local', ip: '192.168.1.249', os.name: 'Mac OS X', os.arch: 'x86_64', os.version: '10.12.5', java.version: '1.8.0_121'
Driver info: io.appium.java_client.android.AndroidDriver
Capabilities [{networkConnectionEnabled=true, warnings={}, databaseEnabled=false, deviceName=LenovoTAB2A8, launchTimeout=90000, usePrebuiltWDA=true, platform=LINUX, deviceUDID=LenovoTAB2A8, desired={acceptAlerts=true, newCommandTimeout=600, platformVersion=5.1.0, browserName=Chrome, platformName=Android, udid=LenovoTAB2A8, deviceName=231, launchTimeout=90000, usePrebuiltWDA=true}, acceptAlerts=true, newCommandTimeout=600, platformVersion=5.1, webStorageEnabled=false, locationContextEnabled=false, takesScreenshot=true, browserName=Chrome, javascriptEnabled=true, platformName=Android, udid=LenovoTAB2A8}]
Session ID: 9cb6eefd-2c5f-4396-a834-a560e8d6aeea
	at sun.reflect.NativeConstructorAccessorImpl.newInstance0(Native Method)
	at sun.reflect.NativeConstructorAccessorImpl.newInstance(NativeConstructorAccessorImpl.java:62)
	at sun.reflect.DelegatingConstructorAccessorImpl.newInstance(DelegatingConstructorAccessorImpl.java:45)
	at java.lang.reflect.Constructor.newInstance(Constructor.java:423)
	at org.openqa.selenium.remote.ErrorHandler.createThrowable(ErrorHandler.java:216)
	at org.openqa.selenium.remote.ErrorHandler.throwIfResponseFailed(ErrorHandler.java:168)
	at org.openqa.selenium.remote.RemoteWebDriver.execute(RemoteWebDriver.java:635)
	at io.appium.java_client.DefaultGenericMobileDriver.execute(DefaultGenericMobileDriver.java:42)
	at io.appium.java_client.AppiumDriver.execute(AppiumDriver.java:1)
	at io.appium.java_client.android.AndroidDriver.execute(AndroidDriver.java:1)
	at org.openqa.selenium.remote.RemoteWebElement.execute(RemoteWebElement.java:274)
	at io.appium.java_client.DefaultGenericMobileElement.execute(DefaultGenericMobileElement.java:45)
	at io.appium.java_client.MobileElement.execute(MobileElement.java:1)
	at io.appium.java_client.android.AndroidElement.execute(AndroidElement.java:1)
	at org.openqa.selenium.remote.RemoteWebElement.click(RemoteWebElement.java:84)
	at pcloudy.testng.TestClass1.test1(TestClass1.java:30)
	at sun.reflect.NativeMethodAccessorImpl.invoke0(Native Method)
	at sun.reflect.NativeMethodAccessorImpl.invoke(NativeMethodAccessorImpl.java:62)
	at sun.reflect.DelegatingMethodAccessorImpl.invoke(DelegatingMethodAccessorImpl.java:43)
	at java.lang.reflect.Method.invoke(Method.java:498)
	at org.testng.internal.MethodInvocationHelper.invokeMethod(MethodInvocationHelper.java:86)
	at org.testng.internal.Invoker.invokeMethod(Invoker.java:643)
	at org.testng.internal.Invoker.invokeTestMethod(Invoker.java:820)
	at org.testng.internal.Invoker.invokeTestMethods(Invoker.java:1128)
	at org.testng.internal.TestMethodWorker.invokeTestMethods(TestMethodWorker.java:129)
	at org.testng.internal.TestMethodWorker.run(TestMethodWorker.java:112)
	at org.testng.TestRunner.privateRun(TestRunner.java:782)
	at org.testng.TestRunner.run(TestRunner.java:632)
	at org.testng.SuiteRunner.runTest(SuiteRunner.java:366)
	at org.testng.SuiteRunner.access$000(SuiteRunner.java:39)
	at org.testng.SuiteRunner$SuiteWorker.run(SuiteRunner.java:400)
	at org.testng.internal.thread.ThreadUtil$2.call(ThreadUtil.java:64)
	at java.util.concurrent.FutureTask.run(FutureTask.java:266)
	at java.util.concurrent.ThreadPoolExecutor.runWorker(ThreadPoolExecutor.java:1142)
	at java.util.concurrent.ThreadPoolExecutor$Worker.run(ThreadPoolExecutor.java:617)
	at java.lang.Thread.run(Thread.java:745)
]]>
            </full-stacktrace>
          </exception> <!-- org.openqa.selenium.ElementNotVisibleException -->
          <reporter-output>
          </reporter-output>
        </test-method> <!-- test1 -->
        <test-method status="PASS" signature="afterClass(java.lang.String)[pri:0, instance:pcloudy.testng.TestClass1@2db1d4bb]" name="afterClass" is-config="true" duration-ms="3650" started-at="2017-07-19T16:57:33Z" finished-at="2017-07-19T16:57:36Z">
          <params>
            <param index="0">
              <value>
                <![CDATA[Lenovo Tab2 A8 5.1.0]]>
              </value>
            </param>
          </params>
          <reporter-output>
          </reporter-output>
        </test-method> <!-- afterClass -->
        <test-method status="PASS" signature="afterTest(java.lang.String)[pri:0, instance:pcloudy.testng.TestClass1@2db1d4bb]" name="afterTest" is-config="true" duration-ms="2114" started-at="2017-07-19T16:59:53Z" finished-at="2017-07-19T16:59:55Z">
          <params>
            <param index="0">
              <value>
                <![CDATA[Lenovo Tab2 A8 5.1.0]]>
              </value>
            </param>
          </params>
          <reporter-output>
          </reporter-output>
        </test-method> <!-- afterTest -->
      </class> <!-- pcloudy.testng.TestClass1 -->
      <class name="pcloudy.testng.TestClass2">
        <test-method status="PASS" signature="beforeClass(java.lang.String)[pri:0, instance:pcloudy.testng.TestClass2@3add497f]" name="beforeClass" is-config="true" duration-ms="127563" started-at="2017-07-19T16:57:36Z" finished-at="2017-07-19T16:59:44Z">
          <params>
            <param index="0">
              <value>
                <![CDATA[Lenovo Tab2 A8 5.1.0]]>
              </value>
            </param>
          </params>
          <reporter-output>
          </reporter-output>
        </test-method> <!-- beforeClass -->
        <test-method status="FAIL" signature="test2(java.lang.String)[pri:0, instance:pcloudy.testng.TestClass2@3add497f]" name="test2" duration-ms="5833" started-at="2017-07-19T16:59:44Z" finished-at="2017-07-19T16:59:50Z">
          <params>
            <param index="0">
              <value>
                <![CDATA[Lenovo Tab2 A8 5.1.0]]>
              </value>
            </param>
          </params>
          <exception class="org.openqa.selenium.ElementNotVisibleException">
            <message>
              <![CDATA[element not visible
  (Session info: chrome=59.0.3071.125)
  (Driver info: chromedriver=2.29.461571 (8a88bbe0775e2a23afda0ceaf2ef7ee74e822cc5),platform=Linux 4.4.0-83-generic x86_64) (WARNING: The server did not provide any stacktrace information)
Command duration or timeout: 819 milliseconds
Build info: version: '3.0.1', revision: '1969d75', time: '2016-10-18 09:49:13 -0700'
System info: host: 'Yammys-MacBook-Pro.local', ip: '192.168.1.249', os.name: 'Mac OS X', os.arch: 'x86_64', os.version: '10.12.5', java.version: '1.8.0_121'
Driver info: io.appium.java_client.android.AndroidDriver
Capabilities [{networkConnectionEnabled=true, warnings={}, databaseEnabled=false, deviceName=LenovoTAB2A8, launchTimeout=90000, usePrebuiltWDA=true, platform=LINUX, deviceUDID=LenovoTAB2A8, desired={acceptAlerts=true, newCommandTimeout=600, platformVersion=5.1.0, browserName=Chrome, platformName=Android, udid=LenovoTAB2A8, deviceName=231, launchTimeout=90000, usePrebuiltWDA=true}, acceptAlerts=true, newCommandTimeout=600, platformVersion=5.1, webStorageEnabled=false, locationContextEnabled=false, takesScreenshot=true, browserName=Chrome, javascriptEnabled=true, platformName=Android, udid=LenovoTAB2A8}]
Session ID: d705c02d-864b-43b6-8622-538e8bf8e32b]]>
            </message>
            <full-stacktrace>
              <![CDATA[org.openqa.selenium.ElementNotVisibleException: element not visible
  (Session info: chrome=59.0.3071.125)
  (Driver info: chromedriver=2.29.461571 (8a88bbe0775e2a23afda0ceaf2ef7ee74e822cc5),platform=Linux 4.4.0-83-generic x86_64) (WARNING: The server did not provide any stacktrace information)
Command duration or timeout: 819 milliseconds
Build info: version: '3.0.1', revision: '1969d75', time: '2016-10-18 09:49:13 -0700'
System info: host: 'Yammys-MacBook-Pro.local', ip: '192.168.1.249', os.name: 'Mac OS X', os.arch: 'x86_64', os.version: '10.12.5', java.version: '1.8.0_121'
Driver info: io.appium.java_client.android.AndroidDriver
Capabilities [{networkConnectionEnabled=true, warnings={}, databaseEnabled=false, deviceName=LenovoTAB2A8, launchTimeout=90000, usePrebuiltWDA=true, platform=LINUX, deviceUDID=LenovoTAB2A8, desired={acceptAlerts=true, newCommandTimeout=600, platformVersion=5.1.0, browserName=Chrome, platformName=Android, udid=LenovoTAB2A8, deviceName=231, launchTimeout=90000, usePrebuiltWDA=true}, acceptAlerts=true, newCommandTimeout=600, platformVersion=5.1, webStorageEnabled=false, locationContextEnabled=false, takesScreenshot=true, browserName=Chrome, javascriptEnabled=true, platformName=Android, udid=LenovoTAB2A8}]
Session ID: d705c02d-864b-43b6-8622-538e8bf8e32b
	at sun.reflect.NativeConstructorAccessorImpl.newInstance0(Native Method)
	at sun.reflect.NativeConstructorAccessorImpl.newInstance(NativeConstructorAccessorImpl.java:62)
	at sun.reflect.DelegatingConstructorAccessorImpl.newInstance(DelegatingConstructorAccessorImpl.java:45)
	at java.lang.reflect.Constructor.newInstance(Constructor.java:423)
	at org.openqa.selenium.remote.ErrorHandler.createThrowable(ErrorHandler.java:216)
	at org.openqa.selenium.remote.ErrorHandler.throwIfResponseFailed(ErrorHandler.java:168)
	at org.openqa.selenium.remote.RemoteWebDriver.execute(RemoteWebDriver.java:635)
	at io.appium.java_client.DefaultGenericMobileDriver.execute(DefaultGenericMobileDriver.java:42)
	at io.appium.java_client.AppiumDriver.execute(AppiumDriver.java:1)
	at io.appium.java_client.android.AndroidDriver.execute(AndroidDriver.java:1)
	at org.openqa.selenium.remote.RemoteWebElement.execute(RemoteWebElement.java:274)
	at io.appium.java_client.DefaultGenericMobileElement.execute(DefaultGenericMobileElement.java:45)
	at io.appium.java_client.MobileElement.execute(MobileElement.java:1)
	at io.appium.java_client.android.AndroidElement.execute(AndroidElement.java:1)
	at org.openqa.selenium.remote.RemoteWebElement.click(RemoteWebElement.java:84)
	at pcloudy.testng.TestClass2.test2(TestClass2.java:29)
	at sun.reflect.NativeMethodAccessorImpl.invoke0(Native Method)
	at sun.reflect.NativeMethodAccessorImpl.invoke(NativeMethodAccessorImpl.java:62)
	at sun.reflect.DelegatingMethodAccessorImpl.invoke(DelegatingMethodAccessorImpl.java:43)
	at java.lang.reflect.Method.invoke(Method.java:498)
	at org.testng.internal.MethodInvocationHelper.invokeMethod(MethodInvocationHelper.java:86)
	at org.testng.internal.Invoker.invokeMethod(Invoker.java:643)
	at org.testng.internal.Invoker.invokeTestMethod(Invoker.java:820)
	at org.testng.internal.Invoker.invokeTestMethods(Invoker.java:1128)
	at org.testng.internal.TestMethodWorker.invokeTestMethods(TestMethodWorker.java:129)
	at org.testng.internal.TestMethodWorker.run(TestMethodWorker.java:112)
	at org.testng.TestRunner.privateRun(TestRunner.java:782)
	at org.testng.TestRunner.run(TestRunner.java:632)
	at org.testng.SuiteRunner.runTest(SuiteRunner.java:366)
	at org.testng.SuiteRunner.access$000(SuiteRunner.java:39)
	at org.testng.SuiteRunner$SuiteWorker.run(SuiteRunner.java:400)
	at org.testng.internal.thread.ThreadUtil$2.call(ThreadUtil.java:64)
	at java.util.concurrent.FutureTask.run(FutureTask.java:266)
	at java.util.concurrent.ThreadPoolExecutor.runWorker(ThreadPoolExecutor.java:1142)
	at java.util.concurrent.ThreadPoolExecutor$Worker.run(ThreadPoolExecutor.java:617)
	at java.lang.Thread.run(Thread.java:745)
]]>
            </full-stacktrace>
          </exception> <!-- org.openqa.selenium.ElementNotVisibleException -->
          <reporter-output>
          </reporter-output>
        </test-method> <!-- test2 -->
        <test-method status="PASS" signature="afterClass(java.lang.String)[pri:0, instance:pcloudy.testng.TestClass2@3add497f]" name="afterClass" is-config="true" duration-ms="3530" started-at="2017-07-19T16:59:50Z" finished-at="2017-07-19T16:59:53Z">
          <params>
            <param index="0">
              <value>
                <![CDATA[Lenovo Tab2 A8 5.1.0]]>
              </value>
            </param>
          </params>
          <reporter-output>
          </reporter-output>
        </test-method> <!-- afterClass -->
      </class> <!-- pcloudy.testng.TestClass2 -->
    </test> <!-- test_Lenovo Tab2 A8 5.1.0 -->
  </suite> <!-- pCloudy Suite -->
</testng-results>
